[debug] [2023-10-03T08:44:35.781Z] ----------------------------------------------------------------------
[debug] [2023-10-03T08:44:35.785Z] Command:       C:\Program Files\nodejs\node.exe C:\Users\BlissArmah-Nwanwah\AppData\Roaming\npm\node_modules\firebase-tools\lib\bin\firebase.js init
[debug] [2023-10-03T08:44:35.786Z] CLI Version:   12.6.1
[debug] [2023-10-03T08:44:35.786Z] Platform:      win32
[debug] [2023-10-03T08:44:35.787Z] Node Version:  v18.16.1
[debug] [2023-10-03T08:44:35.788Z] Time:          Tue Oct 03 2023 08:44:35 GMT+0000 (Greenwich Mean Time)
[debug] [2023-10-03T08:44:35.788Z] ----------------------------------------------------------------------
[debug] 
[debug] [2023-10-03T08:44:35.809Z] > command requires scopes: ["email","openid","https://www.googleapis.com/auth/cloudplatformprojects.readonly","https://www.googleapis.com/auth/firebase","https://www.googleapis.com/auth/cloud-platform"]
[debug] [2023-10-03T08:44:35.810Z] > authorizing via signed-in user (bliss.armah-nwanwah@amalitech.com)
[info] 
     ######## #### ########  ######## ########     ###     ######  ########
     ##        ##  ##     ## ##       ##     ##  ##   ##  ##       ##
     ######    ##  ########  ######   ########  #########  ######  ######
     ##        ##  ##    ##  ##       ##     ## ##     ##       ## ##
     ##       #### ##     ## ######## ########  ##     ##  ######  ########

You're about to initialize a Firebase project in this directory:

  C:\Users\BlissArmah-Nwanwah\Desktop\Angular\recipe-app

[info] 
=== Project Setup
[info] 
[info] First, let's associate this project directory with a Firebase project.
[info] You can create multiple project aliases by running firebase use --add, 
[info] but for now we'll just set up a default project.
[info] 
[debug] [2023-10-03T08:45:53.293Z] >>> [apiv2][query] GET https://firebase.googleapis.com/v1beta1/projects pageSize=100
[debug] [2023-10-03T08:45:54.167Z] <<< [apiv2][status] GET https://firebase.googleapis.com/v1beta1/projects 200
[debug] [2023-10-03T08:45:54.167Z] <<< [apiv2][body] GET https://firebase.googleapis.com/v1beta1/projects [omitted]
[info] i  Using project ng-recipe-c0457 (ng-recipe) 
[info] 
=== Hosting Setup
[info] 
[info] Your public directory is the folder (relative to your project directory) that
[info] will contain Hosting assets to be uploaded with firebase deploy. If you
[info] have a build process for your assets, use your build's output directory.
[info] 
[debug] [2023-10-03T08:48:28.119Z] >>> [apiv2][query] GET https://www.gstatic.com/firebasejs/releases.json [none]
[debug] [2023-10-03T08:48:28.628Z] <<< [apiv2][status] GET https://www.gstatic.com/firebasejs/releases.json 200
[debug] [2023-10-03T08:48:28.628Z] <<< [apiv2][body] GET https://www.gstatic.com/firebasejs/releases.json {"current":{"version":"10.4.0","browserURL":"https://www.gstatic.com/firebasejs/10.4.0/firebase.js","packageURL":"https://www.gstatic.com/firebasejs/10.4.0/firebase.tgz"},"live":{"version":"10.4","browserURL":"https://www.gstatic.com/firebasejs/live/10.4/firebase.js","packageURL":"https://www.gstatic.com/firebasejs/live/10.4/firebase.tgz"},"components":{"analytics":"https://www.gstatic.com/firebasejs/10.4.0/firebase-analytics.js","app":"https://www.gstatic.com/firebasejs/10.4.0/firebase-app.js","app-check":"https://www.gstatic.com/firebasejs/10.4.0/firebase-app-check.js","auth":"https://www.gstatic.com/firebasejs/10.4.0/firebase-auth.js","auth/cordova":"https://www.gstatic.com/firebasejs/10.4.0/firebase-auth/cordova.js","functions":"https://www.gstatic.com/firebasejs/10.4.0/firebase-functions.js","firestore":"https://www.gstatic.com/firebasejs/10.4.0/firebase-firestore.js","firestore/lite":"https://www.gstatic.com/firebasejs/10.4.0/firebase-firestore/lite.js","installations":"https://www.gstatic.com/firebasejs/10.4.0/firebase-installations.js","storage":"https://www.gstatic.com/firebasejs/10.4.0/firebase-storage.js","performance":"https://www.gstatic.com/firebasejs/10.4.0/firebase-performance.js","remote-config":"https://www.gstatic.com/firebasejs/10.4.0/firebase-remote-config.js","messaging":"https://www.gstatic.com/firebasejs/10.4.0/firebase-messaging.js","messaging/sw":"https://www.gstatic.com/firebasejs/10.4.0/firebase-messaging/sw.js","database":"https://www.gstatic.com/firebasejs/10.4.0/firebase-database.js","firestore.memory":"https://www.gstatic.com/firebasejs/10.4.0/firebase-firestore.memory.js"}}
[info] i  Skipping write of dist/first-app/index.html 
[info] 
[info] i  Detected a .git folder at C:\Users\BlissArmah-Nwanwah\Desktop\Angular 
[info] i  Authorizing with GitHub to upload your service account to a GitHub repository's secrets store. 
[info] 
[info] Visit this URL on this device to log in:
[info] https://github.com/login/oauth/authorize?client_id=89cf50f02ac6aaed3484&state=818875201&redirect_uri=http%3A%2F%2Flocalhost%3A9005&scope=read%3Auser%20repo%20public_repo
[info] 
[info] Waiting for authentication...
[debug] [2023-10-03T08:49:05.635Z] >>> [apiv2][query] POST https://github.com/login/oauth/access_token [none]
[debug] [2023-10-03T08:49:05.636Z] >>> [apiv2][body] POST https://github.com/login/oauth/access_token [stream]
[debug] [2023-10-03T08:49:06.747Z] <<< [apiv2][status] POST https://github.com/login/oauth/access_token 200
[debug] [2023-10-03T08:49:06.747Z] <<< [apiv2][body] POST https://github.com/login/oauth/access_token {"access_token":"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","token_type":"bearer","scope":"read:user,repo"}
[debug] [2023-10-03T08:49:06.755Z] >>> [apiv2][query] GET https://api.github.com/user [none]
[debug] [2023-10-03T08:49:07.755Z] <<< [apiv2][status] GET https://api.github.com/user 200
[debug] [2023-10-03T08:49:07.755Z] <<< [apiv2][body] GET https://api.github.com/user {"login":"BlissArmah-Nwanwah","id":117347449,"node_id":"U_kgDOBv6UeQ","avatar_url":"https://avatars.githubusercontent.com/u/117347449?v=4","gravatar_id":"","url":"https://api.github.com/users/BlissArmah-Nwanwah","html_url":"https://github.com/BlissArmah-Nwanwah","followers_url":"https://api.github.com/users/BlissArmah-Nwanwah/followers","following_url":"https://api.github.com/users/BlissArmah-Nwanwah/following{/other_user}","gists_url":"https://api.github.com/users/BlissArmah-Nwanwah/gists{/gist_id}","starred_url":"https://api.github.com/users/BlissArmah-Nwanwah/starred{/owner}{/repo}","subscriptions_url":"https://api.github.com/users/BlissArmah-Nwanwah/subscriptions","organizations_url":"https://api.github.com/users/BlissArmah-Nwanwah/orgs","repos_url":"https://api.github.com/users/BlissArmah-Nwanwah/repos","events_url":"https://api.github.com/users/BlissArmah-Nwanwah/events{/privacy}","received_events_url":"https://api.github.com/users/BlissArmah-Nwanwah/received_events","type":"User","site_admin":false,"name":"Bliss Armah-Nwanwah","company":null,"blog":"","location":null,"email":null,"hireable":null,"bio":null,"twitter_username":null,"public_repos":17,"public_gists":0,"followers":0,"following":5,"created_at":"2022-11-03T08:41:31Z","updated_at":"2023-07-07T10:30:40Z","private_gists":0,"total_private_repos":0,"owned_private_repos":0,"disk_usage":42558,"collaborators":0,"two_factor_authentication":false,"plan":{"name":"free","space":976562499,"collaborators":0,"private_repos":10000}}
[info] 
[info] +  Success! Logged into GitHub as BlissArmah-Nwanwah 
[info] 
[debug] [2023-10-03T08:49:31.086Z] >>> [apiv2][query] GET https://api.github.com/repos//actions/secrets/public-key type=owner
[debug] [2023-10-03T08:49:31.702Z] >>> [apiv2][query] GET https://api.github.com/repos//actions/secrets/public-key type=owner
[debug] [2023-10-03T08:49:31.840Z] <<< [apiv2][status] GET https://api.github.com/repos//actions/secrets/public-key 404
[debug] [2023-10-03T08:49:31.841Z] <<< [apiv2][body] GET https://api.github.com/repos//actions/secrets/public-key {"message":"Not Found","documentation_url":"https://docs.github.com/rest"}
[info] 
[info] 
[error] !  The provided authorization cannot be used with this repository. If this repository is in an organization, did you remember to grant access? 
[info] 
[info] i  Action required: Visit this URL to ensure access has been granted to the appropriate organization(s) for the Firebase CLI GitHub OAuth App: 
[info] https://github.com/settings/connections/applications/89cf50f02ac6aaed3484
[info] 
[debug] [2023-10-03T08:49:32.447Z] <<< [apiv2][status] GET https://api.github.com/repos//actions/secrets/public-key 404
[debug] [2023-10-03T08:49:32.447Z] <<< [apiv2][body] GET https://api.github.com/repos//actions/secrets/public-key {"message":"Not Found","documentation_url":"https://docs.github.com/rest"}
[info] 
[info] 
[error] !  The provided authorization cannot be used with this repository. If this repository is in an organization, did you remember to grant access? 
[info] 
[info] i  Action required: Visit this URL to ensure access has been granted to the appropriate organization(s) for the Firebase CLI GitHub OAuth App: 
[info] https://github.com/settings/connections/applications/89cf50f02ac6aaed3484
[info] 
